Using pre-set license
Built from '6000.0/release' branch; Version is '6000.0.25f1 (4859ab7b5a49) revision 4741547'; Using compiler version '193933523'; Build Type 'Release'
OS: 'Windows 10  (10.0.19045) 64bit Professional' Language: 'en' Physical Memory: 16338 MB
BatchMode: 1, IsHumanControllingUs: 0, StartBugReporterOnCrash: 0, Is64bit: 1, IsPro: 1

COMMAND LINE ARGUMENTS:
D:\Data\Programs\Unity\6000.0.25f1\Editor\Unity.exe
-adb2
-batchMode
-noUpm
-name
AssetImportWorker0
-projectPath
D:/Projects/CDIO4/CDIO4
-logFile
Logs/AssetImportWorker0.log
-srvPort
58452
-job-worker-count
3
-background-job-worker-count
8
-asset-garbage-collectors
1
Successfully changed project path to: D:/Projects/CDIO4/CDIO4
D:/Projects/CDIO4/CDIO4
[UnityMemory] Configuration Parameters - Can be set up in boot.config
    "memorysetup-bucket-allocator-granularity=16"
    "memorysetup-bucket-allocator-bucket-count=8"
    "memorysetup-bucket-allocator-block-size=33554432"
    "memorysetup-bucket-allocator-block-count=8"
    "memorysetup-main-allocator-block-size=16777216"
    "memorysetup-thread-allocator-block-size=16777216"
    "memorysetup-gfx-main-allocator-block-size=16777216"
    "memorysetup-gfx-thread-allocator-block-size=16777216"
    "memorysetup-cache-allocator-block-size=4194304"
    "memorysetup-typetree-allocator-block-size=2097152"
    "memorysetup-profiler-bucket-allocator-granularity=16"
    "memorysetup-profiler-bucket-allocator-bucket-count=8"
    "memorysetup-profiler-bucket-allocator-block-size=33554432"
    "memorysetup-profiler-bucket-allocator-block-count=8"
    "memorysetup-profiler-allocator-block-size=16777216"
    "memorysetup-profiler-editor-allocator-block-size=1048576"
    "memorysetup-temp-allocator-size-main=16777216"
    "memorysetup-job-temp-allocator-block-size=2097152"
    "memorysetup-job-temp-allocator-block-size-background=1048576"
    "memorysetup-job-temp-allocator-reduction-small-platforms=262144"
    "memorysetup-allocator-temp-initial-block-size-main=262144"
    "memorysetup-allocator-temp-initial-block-size-worker=262144"
    "memorysetup-temp-allocator-size-background-worker=32768"
    "memorysetup-temp-allocator-size-job-worker=262144"
    "memorysetup-temp-allocator-size-preload-manager=33554432"
    "memorysetup-temp-allocator-size-nav-mesh-worker=65536"
    "memorysetup-temp-allocator-size-audio-worker=65536"
    "memorysetup-temp-allocator-size-cloud-worker=32768"
    "memorysetup-temp-allocator-size-gi-baking-worker=262144"
    "memorysetup-temp-allocator-size-gi-baking-worker=262144"
    "memorysetup-temp-allocator-size-gi-baking-worker=262144"
    "memorysetup-temp-allocator-size-gi-baking-worker=262144"
    "memorysetup-temp-allocator-size-gi-baking-worker=262144"
    "memorysetup-temp-allocator-size-gfx=262144"
Player connection [13908]  Target information:

Player connection [13908]  * "[IP] 169.254.86.179 [Port] 0 [Flags] 2 [Guid] 252735 [EditorId] 252735 [Version] 1048832 [Id] WindowsEditor(7,DESKTOP-HORIKO) [Debug] 1 [PackageName] WindowsEditor [ProjectName] Editor" 

Player connection [13908]  * "[IP] 169.254.209.177 [Port] 0 [Flags] 2 [Guid] 252735 [EditorId] 252735 [Version] 1048832 [Id] WindowsEditor(7,DESKTOP-HORIKO) [Debug] 1 [PackageName] WindowsEditor [ProjectName] Editor" 

Player connection [13908]  * "[IP] 192.168.1.58 [Port] 0 [Flags] 2 [Guid] 252735 [EditorId] 252735 [Version] 1048832 [Id] WindowsEditor(7,DESKTOP-HORIKO) [Debug] 1 [PackageName] WindowsEditor [ProjectName] Editor" 

Player connection [13908] Host joined multi-casting on [225.0.0.222:54997]...
Player connection [13908] Host joined alternative multi-casting on [225.0.0.222:34997]...
JobSystem: Creating JobQueue using job-worker-count value 3
[Physics::Module] Initialized fallback backend.
[Physics::Module] Id: 0xdecafbad
Library Redirect Path: Library/
[Physics::Module] Selected backend.
[Physics::Module] Name: PhysX
[Physics::Module] Id: 0xf2b8ea05
[Physics::Module] SDK Version: 4.1.2
[Physics::Module] Integration Version: 1.0.0
[Physics::Module] Threading Mode: Multi-Threaded
Refreshing native plugins compatible for Editor in 3.72 ms, found 4 plugins.
Preloading 0 native plugins for Editor in 0.00 ms.
Initialize engine version: 6000.0.25f1 (4859ab7b5a49)
[Subsystems] Discovering subsystems at path D:/Data/Programs/Unity/6000.0.25f1/Editor/Data/Resources/UnitySubsystems
[Subsystems] Discovering subsystems at path D:/Projects/CDIO4/CDIO4/Assets
GfxDevice: creating device client; kGfxThreadingModeNonThreaded
Direct3D:
    Version:  Direct3D 11.0 [level 11.1]
    Renderer: AMD Radeon RX 5600 XT (ID=0x731f)
    Vendor:   ATI
    VRAM:     6083 MB
    Driver:   32.0.12019.1028
Initialize mono
Mono path[0] = 'D:/Data/Programs/Unity/6000.0.25f1/Editor/Data/Managed'
Mono path[1] = 'D:/Data/Programs/Unity/6000.0.25f1/Editor/Data/MonoBleedingEdge/lib/mono/unityjit-win32'
Mono config path = 'D:/Data/Programs/Unity/6000.0.25f1/Editor/Data/MonoBleedingEdge/etc'
Using monoOptions --debugger-agent=transport=dt_socket,embedding=1,server=y,suspend=n,address=127.0.0.1:56632
Begin MonoManager ReloadAssembly
Registering precompiled unity dll's ...
Register platform support module: D:/Data/Programs/Unity/6000.0.25f1/Editor/Data/PlaybackEngines/WebGLSupport/UnityEditor.WebGL.Extensions.dll
Register platform support module: D:/Data/Programs/Unity/6000.0.25f1/Editor/Data/PlaybackEngines/WindowsStandaloneSupport/UnityEditor.WindowsStandalone.Extensions.dll
Registered in 0.003614 seconds.
- Loaded All Assemblies, in  0.557 seconds
Native extension for WindowsStandalone target not found
Native extension for WebGL target not found
Mono: successfully reloaded assembly
- Finished resetting the current domain, in  0.548 seconds
Domain Reload Profiling: 1104ms
	BeginReloadAssembly (198ms)
		ExecutionOrderSort (0ms)
		DisableScriptedObjects (0ms)
		BackupInstance (0ms)
		ReleaseScriptingObjects (0ms)
		CreateAndSetChildDomain (1ms)
	RebuildCommonClasses (54ms)
	RebuildNativeTypeToScriptingClass (20ms)
	initialDomainReloadingComplete (71ms)
	LoadAllAssembliesAndSetupDomain (213ms)
		LoadAssemblies (197ms)
		RebuildTransferFunctionScriptingTraits (0ms)
		AnalyzeDomain (209ms)
			TypeCache.Refresh (207ms)
				TypeCache.ScanAssembly (190ms)
			BuildScriptInfoCaches (0ms)
			ResolveRequiredComponents (1ms)
	FinalizeReload (548ms)
		ReleaseScriptCaches (0ms)
		RebuildScriptCaches (0ms)
		SetupLoadedEditorAssemblies (480ms)
			LogAssemblyErrors (0ms)
			InitializePlatformSupportModulesInManaged (29ms)
			SetLoadedEditorAssemblies (5ms)
			BeforeProcessingInitializeOnLoad (7ms)
			ProcessInitializeOnLoadAttributes (305ms)
			ProcessInitializeOnLoadMethodAttributes (131ms)
			AfterProcessingInitializeOnLoad (4ms)
			EditorAssembliesLoaded (0ms)
		ExecutionOrderSort2 (0ms)
		AwakeInstancesAfterBackupRestoration (0ms)
Assembly reference Packages/com.unity.cinemachine/Editor/Samples/ExposeHDRPInternals/HDRP-Editor-ref.asmref has no target assembly definition
========================================================================
Worker process is ready to serve import requests
Import Worker Mode flag is 0x00
Assembly reference Packages/com.unity.cinemachine/Editor/Samples/ExposeHDRPInternals/HDRP-Editor-ref.asmref has no target assembly definition
Assembly reference Packages/com.unity.cinemachine/Editor/Samples/ExposeHDRPInternals/HDRP-Editor-ref.asmref has no target assembly definition
Begin MonoManager ReloadAssembly
- Loaded All Assemblies, in  1.556 seconds
Assembly reference Packages/com.unity.cinemachine/Editor/Samples/ExposeHDRPInternals/HDRP-Editor-ref.asmref has no target assembly definition
'Packages/com.unity.cinemachine/Editor/Obsolete/CinemachineVirtualCameraBaseEditor.cs' contains partial class of Unity.Object, exactly 1 of the partial classes needs to be in a file with the same filename. This is to know the one that can be referenced from ie. GameObjects
'Packages/com.unity.cinemachine/Editor/Editors/CinemachineVirtualCameraBaseEditor.cs' contains partial class of Unity.Object, exactly 1 of the partial classes needs to be in a file with the same filename. This is to know the one that can be referenced from ie. GameObjects
Refreshing native plugins compatible for Editor in 1.48 ms, found 4 plugins.
Native extension for WindowsStandalone target not found
Native extension for WebGL target not found
Assembly reference Packages/com.unity.cinemachine/Editor/Samples/ExposeHDRPInternals/HDRP-Editor-ref.asmref has no target assembly definition
Package Manager log level set to [2]
[Package Manager] Failed to launch server process. Reason: Unity was launched with the -noUpm command-line argument
[Package Manager] Unable to send message (not connected to server process).
[Package Manager] Cannot connect to Unity Package Manager local server
Mono: successfully reloaded assembly
- Finished resetting the current domain, in  1.242 seconds
Domain Reload Profiling: 2796ms
	BeginReloadAssembly (607ms)
		ExecutionOrderSort (0ms)
		DisableScriptedObjects (10ms)
		BackupInstance (0ms)
		ReleaseScriptingObjects (0ms)
		CreateAndSetChildDomain (49ms)
	RebuildCommonClasses (55ms)
	RebuildNativeTypeToScriptingClass (18ms)
	initialDomainReloadingComplete (53ms)
	LoadAllAssembliesAndSetupDomain (821ms)
		LoadAssemblies (485ms)
		RebuildTransferFunctionScriptingTraits (0ms)
		AnalyzeDomain (486ms)
			TypeCache.Refresh (335ms)
				TypeCache.ScanAssembly (311ms)
			BuildScriptInfoCaches (125ms)
			ResolveRequiredComponents (20ms)
	FinalizeReload (1243ms)
		ReleaseScriptCaches (0ms)
		RebuildScriptCaches (0ms)
		SetupLoadedEditorAssemblies (919ms)
			LogAssemblyErrors (0ms)
			InitializePlatformSupportModulesInManaged (3ms)
			SetLoadedEditorAssemblies (7ms)
			BeforeProcessingInitializeOnLoad (100ms)
			ProcessInitializeOnLoadAttributes (682ms)
			ProcessInitializeOnLoadMethodAttributes (119ms)
			AfterProcessingInitializeOnLoad (7ms)
			EditorAssembliesLoaded (0ms)
		ExecutionOrderSort2 (0ms)
		AwakeInstancesAfterBackupRestoration (7ms)
Launched and connected shader compiler UnityShaderCompiler.exe after 0.01 seconds
Refreshing native plugins compatible for Editor in 1.60 ms, found 4 plugins.
Preloading 0 native plugins for Editor in 0.00 ms.
Unloading 222 Unused Serialized files (Serialized files now loaded: 0)
Unloading 6911 unused Assets / (5.2 MB). Loaded Objects now: 7704.
Memory consumption went from 203.9 MB to 198.7 MB.
Total: 15.069200 ms (FindLiveObjects: 0.909300 ms CreateObjectMapping: 1.891000 ms MarkObjects: 7.355600 ms  DeleteObjects: 4.910300 ms)

========================================================================
Received Import Request.
  Time since last request: 36764.009696 seconds.
  path: Assets/sprites
  artifactKey: Guid(b86c96f028eb6c74694a9ac615fcff63) Importer(815301076,1909f56bfc062723c751e8b465ee728b)
Start importing Assets/sprites using Guid(b86c96f028eb6c74694a9ac615fcff63) Importer(815301076,1909f56bfc062723c751e8b465ee728b) (PreviewImporter) -> (artifact id: 'a9b66b613b56ca61ac7a02244ae520dc') in 0.0056659 seconds
Number of updated asset objects reloaded before import = 0Number of asset objects unloaded after import = 0

========================================================================
Received Import Request.
  Time since last request: 0.000041 seconds.
  path: Assets/sprites/spriteshadowless.png
  artifactKey: Guid(9c9daa3843f4ad64f8fcf945aefe0291) Importer(815301076,1909f56bfc062723c751e8b465ee728b)
Start importing Assets/sprites/spriteshadowless.png using Guid(9c9daa3843f4ad64f8fcf945aefe0291) Importer(815301076,1909f56bfc062723c751e8b465ee728b) (PreviewImporter) -> (artifact id: 'efb586635e93566f124a9ed4975c1920') in 0.2331545 seconds
Number of updated asset objects reloaded before import = 0Number of asset objects unloaded after import = 26

========================================================================
Received Import Request.
  Time since last request: 1.108950 seconds.
  path: Assets/sprites/spriteshadowless.png
  artifactKey: Guid(9c9daa3843f4ad64f8fcf945aefe0291) Importer(815301076,1909f56bfc062723c751e8b465ee728b)
Start importing Assets/sprites/spriteshadowless.png using Guid(9c9daa3843f4ad64f8fcf945aefe0291) Importer(815301076,1909f56bfc062723c751e8b465ee728b) (PreviewImporter) -> (artifact id: 'f757a62226de1c45f3683161831a6b53') in 0.0966465 seconds
Number of updated asset objects reloaded before import = 0Number of asset objects unloaded after import = 26

========================================================================
Received Import Request.
  Time since last request: 296.681372 seconds.
  path: Assets/sprites/AnimationClips
  artifactKey: Guid(270aea36c0ffcfc438b14e2bf8b47b6c) Importer(815301076,1909f56bfc062723c751e8b465ee728b)
Start importing Assets/sprites/AnimationClips using Guid(270aea36c0ffcfc438b14e2bf8b47b6c) Importer(815301076,1909f56bfc062723c751e8b465ee728b) (PreviewImporter) -> (artifact id: '4c651b78d52a55f8b7334d8b833cddb8') in 0.0007007 seconds
Number of updated asset objects reloaded before import = 0Number of asset objects unloaded after import = 0

========================================================================
Received Import Request.
  Time since last request: 1.165245 seconds.
  path: Assets/sprites/AnimationClips/CharacterNewAnimations
  artifactKey: Guid(336106a2160f7d341a7ae338277cabfa) Importer(815301076,1909f56bfc062723c751e8b465ee728b)
Start importing Assets/sprites/AnimationClips/CharacterNewAnimations using Guid(336106a2160f7d341a7ae338277cabfa) Importer(815301076,1909f56bfc062723c751e8b465ee728b) (PreviewImporter) -> (artifact id: '3e449a90593d59e196a186797cf2417e') in 0.0006169 seconds
Number of updated asset objects reloaded before import = 0Number of asset objects unloaded after import = 0

========================================================================
Received Import Request.
  Time since last request: 22.280581 seconds.
  path: Assets/sprites/AnimationClips/Anima_MainWalkDown.anim
  artifactKey: Guid(2fc881317e5210c468d52dca53c71a8d) Importer(815301076,1909f56bfc062723c751e8b465ee728b)
Start importing Assets/sprites/AnimationClips/Anima_MainWalkDown.anim using Guid(2fc881317e5210c468d52dca53c71a8d) Importer(815301076,1909f56bfc062723c751e8b465ee728b) (PreviewImporter) -> (artifact id: '57812a64031a60838ba15d50548816a8') in 0.0016223 seconds
Number of updated asset objects reloaded before import = 0Number of asset objects unloaded after import = 1

========================================================================
Received Import Request.
  Time since last request: 0.220155 seconds.
  path: Assets/sprites/AnimationClips/Anima_MainWalkLeft.anim
  artifactKey: Guid(7410b2bd79bdfe04593f1c5fa2877a13) Importer(815301076,1909f56bfc062723c751e8b465ee728b)
Start importing Assets/sprites/AnimationClips/Anima_MainWalkLeft.anim using Guid(7410b2bd79bdfe04593f1c5fa2877a13) Importer(815301076,1909f56bfc062723c751e8b465ee728b) (PreviewImporter) -> (artifact id: 'ff54a754b29db2c6a6d5e133b4b58fab') in 0.0012224 seconds
Number of updated asset objects reloaded before import = 0Number of asset objects unloaded after import = 1

========================================================================
Received Import Request.
  Time since last request: 0.343791 seconds.
  path: Assets/sprites/AnimationClips/Anima_MainWalkRight.anim
  artifactKey: Guid(7dae505afe7e2b04aae00b52141e16a6) Importer(815301076,1909f56bfc062723c751e8b465ee728b)
Start importing Assets/sprites/AnimationClips/Anima_MainWalkRight.anim using Guid(7dae505afe7e2b04aae00b52141e16a6) Importer(815301076,1909f56bfc062723c751e8b465ee728b) (PreviewImporter) -> (artifact id: 'dccc260b3dd15fa48b4e3f4450f754ab') in 0.0013115 seconds
Number of updated asset objects reloaded before import = 0Number of asset objects unloaded after import = 1

========================================================================
Received Import Request.
  Time since last request: 0.304515 seconds.
  path: Assets/sprites/AnimationClips/Anima_MainWalkUp.anim
  artifactKey: Guid(3e9528d931c9ba540bcb2a87f1ad6502) Importer(815301076,1909f56bfc062723c751e8b465ee728b)
Start importing Assets/sprites/AnimationClips/Anima_MainWalkUp.anim using Guid(3e9528d931c9ba540bcb2a87f1ad6502) Importer(815301076,1909f56bfc062723c751e8b465ee728b) (PreviewImporter) -> (artifact id: 'b0d538007ed9ac3043c84114bed5de6a') in 0.0013357 seconds
Number of updated asset objects reloaded before import = 0Number of asset objects unloaded after import = 1

